proguard/seeds.txt
com.crittercism.app.Crittercism$b
com.crittercism.service.BReceiver
com.crittercism.service.CrittercismService
com.crittercism.service.ICritter
com.crittercism.service.ICritter$a
com.flurry.android.CatalogActivity
com.google.ads.AdActivity
com.google.ads.AdActivity: AdActivity()
com.google.ads.AdRequest$ErrorCode: com.google.ads.AdRequest$ErrorCode[] values()
com.google.ads.AdRequest$ErrorCode: com.google.ads.AdRequest$ErrorCode valueOf(java.lang.String)
com.google.ads.AdRequest$Gender: com.google.ads.AdRequest$Gender[] values()
com.google.ads.AdRequest$Gender: com.google.ads.AdRequest$Gender valueOf(java.lang.String)
com.google.ads.AdView
com.google.ads.AdView: AdView(android.app.Activity,com.google.ads.AdSize,java.lang.String)
com.google.ads.AdView: AdView(android.content.Context,android.util.AttributeSet)
com.google.ads.AdView: AdView(android.content.Context,android.util.AttributeSet,int)
com.google.ads.ag$b: com.google.ads.ag$b[] values()
com.google.ads.ag$b: com.google.ads.ag$b valueOf(java.lang.String)
com.google.ads.internal.AdVideoView
com.google.ads.internal.AdWebView
com.google.ads.searchads.SearchAdRequest$BorderType: com.google.ads.searchads.SearchAdRequest$BorderType[] values()
com.google.ads.searchads.SearchAdRequest$BorderType: com.google.ads.searchads.SearchAdRequest$BorderType valueOf(java.lang.String)
com.google.ads.util.AdUtil$a: com.google.ads.util.AdUtil$a[] values()
com.google.ads.util.AdUtil$a: com.google.ads.util.AdUtil$a valueOf(java.lang.String)
com.google.ads.util.b$a: com.google.ads.util.b$a[] values()
com.google.ads.util.b$a: com.google.ads.util.b$a valueOf(java.lang.String)
com.michaelnovakjr.numberpicker.NumberPicker
com.michaelnovakjr.numberpicker.NumberPicker: NumberPicker(android.content.Context)
com.michaelnovakjr.numberpicker.NumberPicker: NumberPicker(android.content.Context,android.util.AttributeSet)
com.michaelnovakjr.numberpicker.NumberPicker: NumberPicker(android.content.Context,android.util.AttributeSet,int)
com.michaelnovakjr.numberpicker.NumberPickerButton
com.michaelnovakjr.numberpicker.NumberPickerButton: NumberPickerButton(android.content.Context,android.util.AttributeSet,int)
com.michaelnovakjr.numberpicker.NumberPickerButton: NumberPickerButton(android.content.Context,android.util.AttributeSet)
com.michaelnovakjr.numberpicker.NumberPickerButton: NumberPickerButton(android.content.Context)
com.michaelnovakjr.numberpicker.R$attr: int defaultValue
com.michaelnovakjr.numberpicker.R$attr: int endRange
com.michaelnovakjr.numberpicker.R$attr: int maxValue
com.michaelnovakjr.numberpicker.R$attr: int numberPickerDownButtonStyle
com.michaelnovakjr.numberpicker.R$attr: int numberPickerInputTextStyle
com.michaelnovakjr.numberpicker.R$attr: int numberPickerStyle
com.michaelnovakjr.numberpicker.R$attr: int numberPickerUpButtonStyle
com.michaelnovakjr.numberpicker.R$attr: int startRange
com.michaelnovakjr.numberpicker.R$attr: int wrap
com.michaelnovakjr.numberpicker.R$color: int backcolor
com.michaelnovakjr.numberpicker.R$color: int backcolorhover
com.michaelnovakjr.numberpicker.R$color: int green
com.michaelnovakjr.numberpicker.R$color: int grey
com.michaelnovakjr.numberpicker.R$color: int grey2
com.michaelnovakjr.numberpicker.R$color: int orange
com.michaelnovakjr.numberpicker.R$color: int red
com.michaelnovakjr.numberpicker.R$color: int topbar
com.michaelnovakjr.numberpicker.R$color: int topbarborder
com.michaelnovakjr.numberpicker.R$color: int trans
com.michaelnovakjr.numberpicker.R$color: int white1
com.michaelnovakjr.numberpicker.R$color: int white2
com.michaelnovakjr.numberpicker.R$color: int white3