proguard/mapping.txt
com.google.ads.util.g$b -> com.google.ads.c.y:
    78:117:android.webkit.WebResourceResponse shouldInterceptRequest(android.webkit.WebView,java.lang.String) -> shouldInterceptRequest
    125:138:android.webkit.WebResourceResponse a(java.lang.String,android.content.Context) -> a
com.google.ads.util.h -> com.google.ads.c.z:
com.google.ads.util.h$a -> com.google.ads.c.aa:
    40:41:void onShowCustomView(android.view.View,int,android.webkit.WebChromeClient$CustomViewCallback) -> onShowCustomView
com.google.ads.util.i -> com.google.ads.c.ab:
    java.lang.Object a -> a
    int b -> b
    java.util.HashMap c -> c
    int k -> k
    java.util.ArrayList d -> d
    49:53:void finalize() -> finalize
    57:57:java.lang.String toString() -> toString
    24:24:void a(com.google.ads.util.i,com.google.ads.util.i$a) -> a
com.google.ads.util.i$a -> com.google.ads.c.ac:
    java.lang.Object a -> a
    java.lang.String b -> b
    com.google.ads.util.i c -> c
    103:103:java.lang.String toString() -> toString
com.google.ads.util.i$b -> com.google.ads.c.ad:
    com.google.ads.util.i d -> d
    151:151:java.lang.Object a() -> a
    157:157:java.lang.String toString() -> toString
com.google.ads.util.i$c -> com.google.ads.c.ae:
    boolean e -> e
    com.google.ads.util.i d -> d
    125:125:java.lang.Object a() -> a
    129:134:void a(java.lang.Object) -> a
    139:139:java.lang.String toString() -> toString
com.google.ads.util.i$d -> com.google.ads.c.af:
    com.google.ads.util.i d -> d
    173:173:java.lang.Object a() -> a
    179:179:java.lang.String toString() -> toString
com.google.ads.v -> com.google.ads.av:
    29:43:void a(com.google.ads.internal.d,java.util.HashMap,android.webkit.WebView) -> a
    48:52:void a(java.util.HashMap,java.lang.String,com.google.ads.util.i$c) -> a
    58:65:void b(java.util.HashMap,java.lang.String,com.google.ads.util.i$c) -> b
com.google.ads.w -> com.google.ads.aw:
    27:32:void a(com.google.ads.internal.d,java.util.HashMap,android.webkit.WebView) -> a
com.google.ads.x -> com.google.ads.ax:
    com.google.ads.AdActivity$StaticMethodWrapper a -> a
    48:67:void a(com.google.ads.internal.d,java.util.HashMap,android.webkit.WebView) -> a
com.google.ads.y -> com.google.ads.ay:
    30:30:void a(com.google.ads.internal.d,java.util.HashMap,android.webkit.WebView) -> a
com.google.ads.z -> com.google.ads.az:
    com.google.ads.internal.a a -> a
    50:61:int a(java.util.HashMap,java.lang.String,int,android.util.DisplayMetrics) -> a
    72:170:void a(com.google.ads.internal.d,java.util.HashMap,android.webkit.WebView) -> a