proguard/usage.txt
com.google.ads.InterstitialAd:
    private com.google.ads.internal.d a
    private com.google.ads.m b
    86:87:public InterstitialAd(android.app.Activity,java.lang.String)
    101:105:public InterstitialAd(android.app.Activity,java.lang.String,boolean)
    114:114:public boolean isReady()
    126:127:public void loadAd(com.google.ads.AdRequest)
    136:137:public void show()
    148:149:public void setAdListener(com.google.ads.AdListener)
    158:159:public void stopLoading()
com.google.ads.e:
    112:122:public void b()
    199:205:private boolean a(com.google.ads.h,java.lang.String)
    211:222:public void a(com.google.ads.h,boolean)
    227:241:public void a(com.google.ads.h,android.view.View)
    245:254:public void a(com.google.ads.h)
    258:267:public void b(com.google.ads.h)
    271:280:public void c(com.google.ads.h)
    291:300:public boolean c()
    462:464:private com.google.ads.h e()
    51:51:static synthetic com.google.ads.h c(com.google.ads.e)
com.google.ads.e$2
com.google.ads.e$3
com.google.ads.e$4
com.google.ads.e$5
com.google.ads.e$6
com.google.ads.f:
    79:79:public java.util.List e()
com.google.ads.h:
    118:118:public com.google.ads.f a()
    202:228:public synchronized void f()
    255:255:synchronized com.google.ads.mediation.MediationAdapter h()
    262:262:com.google.ads.e i()
    266:267:synchronized void a(android.view.View)
com.google.ads.h$2
com.google.ads.internal.c:
    433:449:protected void a()
com.google.ads.internal.d:
    284:292:public synchronized void b()
    487:487:public synchronized boolean q()
    668:672:public synchronized void a(com.google.ads.f,boolean)
    797:808:private void b(com.google.ads.f,java.lang.Boolean)
    988:1017:public synchronized void y()
    1026:1035:public synchronized void z()
    1139:1139:public java.lang.Boolean C()
com.google.ads.j:
    private boolean b
    32:64:public void onReceivedAd(com.google.ads.mediation.MediationBannerAdapter)
    70:82:public void onFailedToReceiveAd(com.google.ads.mediation.MediationBannerAdapter,com.google.ads.AdRequest$ErrorCode)
    87:90:public void onPresentScreen(com.google.ads.mediation.MediationBannerAdapter)
    94:97:public void onDismissScreen(com.google.ads.mediation.MediationBannerAdapter)
    101:104:public void onLeaveApplication(com.google.ads.mediation.MediationBannerAdapter)
    108:112:public void onClick(com.google.ads.mediation.MediationBannerAdapter)
com.google.ads.k:
    27:38:public void onReceivedAd(com.google.ads.mediation.MediationInterstitialAdapter)
    43:56:public void onFailedToReceiveAd(com.google.ads.mediation.MediationInterstitialAdapter,com.google.ads.AdRequest$ErrorCode)
    61:64:public void onPresentScreen(com.google.ads.mediation.MediationInterstitialAdapter)
    69:72:public void onDismissScreen(com.google.ads.mediation.MediationInterstitialAdapter)
    76:79:public void onLeaveApplication(com.google.ads.mediation.MediationInterstitialAdapter)
com.google.ads.mediation.EmptyNetworkExtras
com.google.ads.mediation.MediationAdRequest:
    53:53:public com.google.ads.AdRequest$Gender getGender()
    60:60:public java.util.Date getBirthday()
    68:82:public java.lang.Integer getAgeInYears()
    89:93:public java.util.Set getKeywords()
    101:105:public android.location.Location getLocation()
    115:115:public boolean isTesting()
com.google.ads.mediation.MediationBannerAdapter:
    public abstract android.view.View getBannerView()